<?xml version="1.0" encoding="UTF-8"?>
<!-- Generated by org.testng.reporters.JUnitXMLReporter -->
<testsuite hostname="Sandy-PC" ignored="0" name="TestRuner-1" tests="1" failures="1" timestamp="26 Apr 2021 15:00:15 GMT" time="11.782" errors="0">
  <testcase name="CreatePurchaseOrderWithItemWithoutEnteringListPrice" time="0.107" classname="com.Vtiger.tc.CreatePurchaseOrderWithItemWithoutEnteringListPrice">
    <failure type="java.lang.AssertionError" message="Homepage  pass expected [Homee] but found [Home]">
      <![CDATA[java.lang.AssertionError: Homepage  pass expected [Homee] but found [Home]
	at com.Vtiger.tc.CreatePurchaseOrderWithItemWithoutEnteringListPrice.CreatePurchaseOrderWithItemWithoutEnteringListPrice(CreatePurchaseOrderWithItemWithoutEnteringListPrice.java:27)
	at java.util.concurrent.FutureTask.run(Unknown Source)
	at java.util.concurrent.ThreadPoolExecutor.runWorker(Unknown Source)
	at java.util.concurrent.ThreadPoolExecutor$Worker.run(Unknown Source)
	at java.lang.Thread.run(Unknown Source)
... Removed 21 stack frames]]>
    </failure>
  </testcase> <!-- CreatePurchaseOrderWithItemWithoutEnteringListPrice -->
</testsuite> <!-- TestRuner-1 -->
